2018-02-05 14:49:13.901 [main] INFO  o.s.b.t.c.SpringBootTestContextBootstrapper -Neither @ContextConfiguration nor @ContextHierarchy found for test class [com.hhly.mybatis.springbootmybatis.SpringBootMybatisApplicationTests], using SpringBootContextLoader
2018-02-05 14:49:13.929 [main] INFO  o.s.t.c.s.AbstractContextLoader -Could not detect default resource locations for test class [com.hhly.mybatis.springbootmybatis.SpringBootMybatisApplicationTests]: no resource found for suffixes {-context.xml, Context.groovy}.
2018-02-05 14:49:13.930 [main] INFO  o.s.t.c.s.AnnotationConfigContextLoaderUtils -Could not detect default configuration classes for test class [com.hhly.mybatis.springbootmybatis.SpringBootMybatisApplicationTests]: SpringBootMybatisApplicationTests does not declare any static, non-private, non-final, nested classes annotated with @Configuration.
2018-02-05 14:49:14.226 [main] INFO  o.s.b.t.c.SpringBootTestContextBootstrapper -Found @SpringBootConfiguration com.hhly.mybatis.springbootmybatis.SpringBootMybatisApplication for test class com.hhly.mybatis.springbootmybatis.SpringBootMybatisApplicationTests
2018-02-05 14:49:14.265 [main] INFO  o.s.b.t.c.SpringBootTestContextBootstrapper -Loaded default TestExecutionListener class names from location [META-INF/spring.factories]: [org.springframework.boot.test.mock.mockito.MockitoTestExecutionListener, org.springframework.boot.test.mock.mockito.ResetMocksTestExecutionListener, org.springframework.boot.test.autoconfigure.restdocs.RestDocsTestExecutionListener, org.springframework.boot.test.autoconfigure.web.client.MockRestServiceServerResetTestExecutionListener, org.springframework.boot.test.autoconfigure.web.servlet.MockMvcPrintOnlyOnFailureTestExecutionListener, org.springframework.boot.test.autoconfigure.web.servlet.WebDriverTestExecutionListener, org.springframework.test.context.web.ServletTestExecutionListener, org.springframework.test.context.support.DirtiesContextBeforeModesTestExecutionListener, org.springframework.test.context.support.DependencyInjectionTestExecutionListener, org.springframework.test.context.support.DirtiesContextTestExecutionListener, org.springframework.test.context.transaction.TransactionalTestExecutionListener, org.springframework.test.context.jdbc.SqlScriptsTestExecutionListener]
2018-02-05 14:49:14.295 [main] INFO  o.s.b.t.c.SpringBootTestContextBootstrapper -Using TestExecutionListeners: [org.springframework.test.context.web.ServletTestExecutionListener@bef2d72, org.springframework.test.context.support.DirtiesContextBeforeModesTestExecutionListener@69b2283a, org.springframework.boot.test.autoconfigure.SpringBootDependencyInjectionTestExecutionListener@22a637e7, org.springframework.test.context.support.DirtiesContextTestExecutionListener@6fe7aac8, org.springframework.test.context.transaction.TransactionalTestExecutionListener@1d119efb, org.springframework.test.context.jdbc.SqlScriptsTestExecutionListener@659a969b, org.springframework.boot.test.mock.mockito.MockitoTestExecutionListener@76908cc0, org.springframework.boot.test.mock.mockito.ResetMocksTestExecutionListener@2473d930, org.springframework.boot.test.autoconfigure.restdocs.RestDocsTestExecutionListener@35047d03, org.springframework.boot.test.autoconfigure.web.client.MockRestServiceServerResetTestExecutionListener@49b0b76, org.springframework.boot.test.autoconfigure.web.servlet.MockMvcPrintOnlyOnFailureTestExecutionListener@769f71a9, org.springframework.boot.test.autoconfigure.web.servlet.WebDriverTestExecutionListener@4c9f8c13]
2018-02-05 14:49:14.762 [main] INFO  c.h.m.s.SpringBootMybatisApplicationTests -Starting SpringBootMybatisApplicationTests on wanl1332 with PID 16484 (started by wanl1332 in E:\springcloud\spring-cloud-learn\spring-boot-mybatis)
2018-02-05 14:49:14.762 [main] DEBUG c.h.m.s.SpringBootMybatisApplicationTests -Running with Spring Boot v1.5.10.RELEASE, Spring v4.3.14.RELEASE
2018-02-05 14:49:14.762 [main] INFO  c.h.m.s.SpringBootMybatisApplicationTests -The following profiles are active: dev
2018-02-05 14:49:14.804 [main] INFO  o.s.w.c.s.GenericWebApplicationContext -Refreshing org.springframework.web.context.support.GenericWebApplicationContext@73e9cf30: startup date [Mon Feb 05 14:49:14 CST 2018]; root of context hierarchy
2018-02-05 14:49:15.360 [background-preinit] INFO  o.h.validator.internal.util.Version -HV000001: Hibernate Validator 5.3.6.Final
2018-02-05 14:49:17.748 [main] INFO  o.s.w.s.m.m.a.RequestMappingHandlerAdapter -Looking for @ControllerAdvice: org.springframework.web.context.support.GenericWebApplicationContext@73e9cf30: startup date [Mon Feb 05 14:49:14 CST 2018]; root of context hierarchy
2018-02-05 14:49:17.873 [main] INFO  o.s.w.s.m.m.a.RequestMappingHandlerMapping -Mapped "{[/delete]}" onto public java.lang.String com.hhly.mybatis.springbootmybatis.controller.CountryController.delete(java.lang.Integer)
2018-02-05 14:49:17.875 [main] INFO  o.s.w.s.m.m.a.RequestMappingHandlerMapping -Mapped "{[/save],methods=[POST]}" onto public org.springframework.web.servlet.ModelAndView com.hhly.mybatis.springbootmybatis.controller.CountryController.save(com.hhly.mybatis.springbootmybatis.model.Country)
2018-02-05 14:49:17.876 [main] INFO  o.s.w.s.m.m.a.RequestMappingHandlerMapping -Mapped "{[/view],methods=[GET]}" onto public org.springframework.web.servlet.ModelAndView com.hhly.mybatis.springbootmybatis.controller.CountryController.view(com.hhly.mybatis.springbootmybatis.model.Country)
2018-02-05 14:49:17.876 [main] INFO  o.s.w.s.m.m.a.RequestMappingHandlerMapping -Mapped "{[/list || /index || /index.html || ]}" onto public org.springframework.web.servlet.ModelAndView com.hhly.mybatis.springbootmybatis.controller.CountryController.getList(com.hhly.mybatis.springbootmybatis.model.Country,int,int)
2018-02-05 14:49:17.880 [main] INFO  o.s.w.s.m.m.a.RequestMappingHandlerMapping -Mapped "{[/error]}" onto public org.springframework.http.ResponseEntity<java.util.Map<java.lang.String, java.lang.Object>> org.springframework.boot.autoconfigure.web.BasicErrorController.error(javax.servlet.http.HttpServletRequest)
2018-02-05 14:49:17.880 [main] INFO  o.s.w.s.m.m.a.RequestMappingHandlerMapping -Mapped "{[/error],produces=[text/html]}" onto public org.springframework.web.servlet.ModelAndView org.springframework.boot.autoconfigure.web.BasicErrorController.errorHtml(javax.servlet.http.HttpServletRequest,javax.servlet.http.HttpServletResponse)
2018-02-05 14:49:17.920 [main] INFO  o.s.w.s.h.SimpleUrlHandlerMapping -Mapped URL path [/webjars/**] onto handler of type [class org.springframework.web.servlet.resource.ResourceHttpRequestHandler]
2018-02-05 14:49:17.920 [main] INFO  o.s.w.s.h.SimpleUrlHandlerMapping -Mapped URL path [/**] onto handler of type [class org.springframework.web.servlet.resource.ResourceHttpRequestHandler]
2018-02-05 14:49:17.979 [main] INFO  o.s.w.s.h.SimpleUrlHandlerMapping -Mapped URL path [/**/favicon.ico] onto handler of type [class org.springframework.web.servlet.resource.ResourceHttpRequestHandler]
2018-02-05 14:49:18.677 [main] INFO  c.h.m.s.SpringBootMybatisApplicationTests -Started SpringBootMybatisApplicationTests in 4.232 seconds (JVM running for 7.774)
2018-02-05 14:49:19.215 [main] INFO  c.alibaba.druid.pool.DruidDataSource -{dataSource-1} inited
2018-02-05 14:49:19.486 [main] DEBUG c.h.m.s.m.C.selectByExample_COUNT -==>  Preparing: SELECT count(0) FROM country WHERE (Id > ?) 
2018-02-05 14:49:19.507 [main] DEBUG c.h.m.s.m.C.selectByExample_COUNT -==> Parameters: 100(Integer)
2018-02-05 14:49:19.692 [main] DEBUG c.h.m.s.m.C.selectByExample_COUNT -<==      Total: 1
2018-02-05 14:49:19.694 [main] DEBUG c.h.m.s.m.C.selectByExample -==>  Preparing: SELECT Id,countryname,countrycode FROM country WHERE ( Id > ? ) LIMIT ?, ? 
2018-02-05 14:49:19.695 [main] DEBUG c.h.m.s.m.C.selectByExample -==> Parameters: 100(Integer), 10(Integer), 10(Integer)
2018-02-05 14:49:19.699 [main] DEBUG c.h.m.s.m.C.selectByExample -<==      Total: 10
2018-02-05 14:49:19.701 [main] DEBUG c.h.m.s.m.C.selectByExample -==>  Preparing: SELECT Id,countryname,countrycode FROM country WHERE ( Id > ? ) 
2018-02-05 14:49:19.702 [main] DEBUG c.h.m.s.m.C.selectByExample -==> Parameters: 100(Integer)
2018-02-05 14:49:19.709 [main] DEBUG c.h.m.s.m.C.selectByExample -<==      Total: 83
2018-02-05 14:49:19.727 [Thread-2] INFO  o.s.w.c.s.GenericWebApplicationContext -Closing org.springframework.web.context.support.GenericWebApplicationContext@73e9cf30: startup date [Mon Feb 05 14:49:14 CST 2018]; root of context hierarchy
2018-02-05 14:49:19.732 [Thread-2] INFO  c.alibaba.druid.pool.DruidDataSource -{dataSource-1} closed
2018-02-05 14:50:53.943 [main] INFO  o.s.b.t.c.SpringBootTestContextBootstrapper -Neither @ContextConfiguration nor @ContextHierarchy found for test class [com.hhly.mybatis.springbootmybatis.SpringBootMybatisApplicationTests], using SpringBootContextLoader
2018-02-05 14:50:53.961 [main] INFO  o.s.t.c.s.AbstractContextLoader -Could not detect default resource locations for test class [com.hhly.mybatis.springbootmybatis.SpringBootMybatisApplicationTests]: no resource found for suffixes {-context.xml, Context.groovy}.
2018-02-05 14:50:53.963 [main] INFO  o.s.t.c.s.AnnotationConfigContextLoaderUtils -Could not detect default configuration classes for test class [com.hhly.mybatis.springbootmybatis.SpringBootMybatisApplicationTests]: SpringBootMybatisApplicationTests does not declare any static, non-private, non-final, nested classes annotated with @Configuration.
2018-02-05 14:50:54.215 [main] INFO  o.s.b.t.c.SpringBootTestContextBootstrapper -Found @SpringBootConfiguration com.hhly.mybatis.springbootmybatis.SpringBootMybatisApplication for test class com.hhly.mybatis.springbootmybatis.SpringBootMybatisApplicationTests
2018-02-05 14:50:54.226 [main] INFO  o.s.b.t.c.SpringBootTestContextBootstrapper -Loaded default TestExecutionListener class names from location [META-INF/spring.factories]: [org.springframework.boot.test.mock.mockito.MockitoTestExecutionListener, org.springframework.boot.test.mock.mockito.ResetMocksTestExecutionListener, org.springframework.boot.test.autoconfigure.restdocs.RestDocsTestExecutionListener, org.springframework.boot.test.autoconfigure.web.client.MockRestServiceServerResetTestExecutionListener, org.springframework.boot.test.autoconfigure.web.servlet.MockMvcPrintOnlyOnFailureTestExecutionListener, org.springframework.boot.test.autoconfigure.web.servlet.WebDriverTestExecutionListener, org.springframework.test.context.web.ServletTestExecutionListener, org.springframework.test.context.support.DirtiesContextBeforeModesTestExecutionListener, org.springframework.test.context.support.DependencyInjectionTestExecutionListener, org.springframework.test.context.support.DirtiesContextTestExecutionListener, org.springframework.test.context.transaction.TransactionalTestExecutionListener, org.springframework.test.context.jdbc.SqlScriptsTestExecutionListener]
2018-02-05 14:50:54.281 [main] INFO  o.s.b.t.c.SpringBootTestContextBootstrapper -Using TestExecutionListeners: [org.springframework.test.context.web.ServletTestExecutionListener@2415fc55, org.springframework.test.context.support.DirtiesContextBeforeModesTestExecutionListener@14f232c4, org.springframework.boot.test.autoconfigure.SpringBootDependencyInjectionTestExecutionListener@13bc8645, org.springframework.test.context.support.DirtiesContextTestExecutionListener@24c22fe, org.springframework.test.context.transaction.TransactionalTestExecutionListener@93081b6, org.springframework.test.context.jdbc.SqlScriptsTestExecutionListener@cd1e646, org.springframework.boot.test.mock.mockito.MockitoTestExecutionListener@7ba8c737, org.springframework.boot.test.mock.mockito.ResetMocksTestExecutionListener@1890516e, org.springframework.boot.test.autoconfigure.restdocs.RestDocsTestExecutionListener@15a04efb, org.springframework.boot.test.autoconfigure.web.client.MockRestServiceServerResetTestExecutionListener@16c069df, org.springframework.boot.test.autoconfigure.web.servlet.MockMvcPrintOnlyOnFailureTestExecutionListener@2bec854f, org.springframework.boot.test.autoconfigure.web.servlet.WebDriverTestExecutionListener@31edaa7d]
2018-02-05 14:50:55.281 [main] INFO  c.h.m.s.SpringBootMybatisApplicationTests -Starting SpringBootMybatisApplicationTests on wanl1332 with PID 16772 (started by wanl1332 in E:\springcloud\spring-cloud-learn\spring-boot-mybatis)
2018-02-05 14:50:55.282 [main] DEBUG c.h.m.s.SpringBootMybatisApplicationTests -Running with Spring Boot v1.5.10.RELEASE, Spring v4.3.14.RELEASE
2018-02-05 14:50:55.283 [main] INFO  c.h.m.s.SpringBootMybatisApplicationTests -The following profiles are active: dev
2018-02-05 14:50:55.317 [main] INFO  o.s.w.c.s.GenericWebApplicationContext -Refreshing org.springframework.web.context.support.GenericWebApplicationContext@65b3a85a: startup date [Mon Feb 05 14:50:55 CST 2018]; root of context hierarchy
2018-02-05 14:50:55.762 [background-preinit] INFO  o.h.validator.internal.util.Version -HV000001: Hibernate Validator 5.3.6.Final
2018-02-05 14:50:59.167 [main] INFO  o.s.w.s.m.m.a.RequestMappingHandlerAdapter -Looking for @ControllerAdvice: org.springframework.web.context.support.GenericWebApplicationContext@65b3a85a: startup date [Mon Feb 05 14:50:55 CST 2018]; root of context hierarchy
2018-02-05 14:50:59.299 [main] INFO  o.s.w.s.m.m.a.RequestMappingHandlerMapping -Mapped "{[/delete]}" onto public java.lang.String com.hhly.mybatis.springbootmybatis.controller.CountryController.delete(java.lang.Integer)
2018-02-05 14:50:59.301 [main] INFO  o.s.w.s.m.m.a.RequestMappingHandlerMapping -Mapped "{[/save],methods=[POST]}" onto public org.springframework.web.servlet.ModelAndView com.hhly.mybatis.springbootmybatis.controller.CountryController.save(com.hhly.mybatis.springbootmybatis.model.Country)
2018-02-05 14:50:59.301 [main] INFO  o.s.w.s.m.m.a.RequestMappingHandlerMapping -Mapped "{[/view],methods=[GET]}" onto public org.springframework.web.servlet.ModelAndView com.hhly.mybatis.springbootmybatis.controller.CountryController.view(com.hhly.mybatis.springbootmybatis.model.Country)
2018-02-05 14:50:59.302 [main] INFO  o.s.w.s.m.m.a.RequestMappingHandlerMapping -Mapped "{[/list || /index || /index.html || ]}" onto public org.springframework.web.servlet.ModelAndView com.hhly.mybatis.springbootmybatis.controller.CountryController.getList(com.hhly.mybatis.springbootmybatis.model.Country,int,int)
2018-02-05 14:50:59.306 [main] INFO  o.s.w.s.m.m.a.RequestMappingHandlerMapping -Mapped "{[/error]}" onto public org.springframework.http.ResponseEntity<java.util.Map<java.lang.String, java.lang.Object>> org.springframework.boot.autoconfigure.web.BasicErrorController.error(javax.servlet.http.HttpServletRequest)
2018-02-05 14:50:59.307 [main] INFO  o.s.w.s.m.m.a.RequestMappingHandlerMapping -Mapped "{[/error],produces=[text/html]}" onto public org.springframework.web.servlet.ModelAndView org.springframework.boot.autoconfigure.web.BasicErrorController.errorHtml(javax.servlet.http.HttpServletRequest,javax.servlet.http.HttpServletResponse)
2018-02-05 14:50:59.346 [main] INFO  o.s.w.s.h.SimpleUrlHandlerMapping -Mapped URL path [/webjars/**] onto handler of type [class org.springframework.web.servlet.resource.ResourceHttpRequestHandler]
2018-02-05 14:50:59.347 [main] INFO  o.s.w.s.h.SimpleUrlHandlerMapping -Mapped URL path [/**] onto handler of type [class org.springframework.web.servlet.resource.ResourceHttpRequestHandler]
2018-02-05 14:50:59.502 [main] INFO  o.s.w.s.h.SimpleUrlHandlerMapping -Mapped URL path [/**/favicon.ico] onto handler of type [class org.springframework.web.servlet.resource.ResourceHttpRequestHandler]
2018-02-05 14:51:01.258 [main] INFO  c.h.m.s.SpringBootMybatisApplicationTests -Started SpringBootMybatisApplicationTests in 6.811 seconds (JVM running for 8.31)
2018-02-05 14:51:01.729 [main] INFO  c.alibaba.druid.pool.DruidDataSource -{dataSource-1} inited
2018-02-05 14:51:02.074 [main] DEBUG c.h.m.s.m.C.selectByExample_COUNT -==>  Preparing: SELECT count(0) FROM country WHERE (Id > ?) 
2018-02-05 14:51:02.094 [main] DEBUG c.h.m.s.m.C.selectByExample_COUNT -==> Parameters: 100(Integer)
2018-02-05 14:51:02.107 [main] DEBUG c.h.m.s.m.C.selectByExample_COUNT -<==      Total: 1
2018-02-05 14:51:02.111 [main] DEBUG c.h.m.s.m.C.selectByExample -==>  Preparing: SELECT Id,countryname,countrycode FROM country WHERE ( Id > ? ) LIMIT ?, ? 
2018-02-05 14:51:02.112 [main] DEBUG c.h.m.s.m.C.selectByExample -==> Parameters: 100(Integer), 10(Integer), 10(Integer)
2018-02-05 14:51:02.115 [main] DEBUG c.h.m.s.m.C.selectByExample -<==      Total: 10
2018-02-05 14:51:02.117 [main] DEBUG c.h.m.s.m.C.selectByExample -==>  Preparing: SELECT Id,countryname,countrycode FROM country WHERE ( Id > ? ) 
2018-02-05 14:51:02.118 [main] DEBUG c.h.m.s.m.C.selectByExample -==> Parameters: 100(Integer)
2018-02-05 14:51:02.126 [main] DEBUG c.h.m.s.m.C.selectByExample -<==      Total: 83
2018-02-05 14:51:02.131 [Thread-2] INFO  o.s.w.c.s.GenericWebApplicationContext -Closing org.springframework.web.context.support.GenericWebApplicationContext@65b3a85a: startup date [Mon Feb 05 14:50:55 CST 2018]; root of context hierarchy
2018-02-05 14:51:02.136 [Thread-2] INFO  c.alibaba.druid.pool.DruidDataSource -{dataSource-1} closed
2018-02-05 15:13:18.644 [main] INFO  o.s.b.t.c.SpringBootTestContextBootstrapper -Neither @ContextConfiguration nor @ContextHierarchy found for test class [com.hhly.mybatis.springbootmybatis.SpringBootMybatisApplicationTests], using SpringBootContextLoader
2018-02-05 15:13:18.658 [main] INFO  o.s.t.c.s.AbstractContextLoader -Could not detect default resource locations for test class [com.hhly.mybatis.springbootmybatis.SpringBootMybatisApplicationTests]: no resource found for suffixes {-context.xml, Context.groovy}.
2018-02-05 15:13:18.659 [main] INFO  o.s.t.c.s.AnnotationConfigContextLoaderUtils -Could not detect default configuration classes for test class [com.hhly.mybatis.springbootmybatis.SpringBootMybatisApplicationTests]: SpringBootMybatisApplicationTests does not declare any static, non-private, non-final, nested classes annotated with @Configuration.
2018-02-05 15:13:18.981 [main] INFO  o.s.b.t.c.SpringBootTestContextBootstrapper -Found @SpringBootConfiguration com.hhly.mybatis.springbootmybatis.SpringBootMybatisApplication for test class com.hhly.mybatis.springbootmybatis.SpringBootMybatisApplicationTests
2018-02-05 15:13:19.009 [main] INFO  o.s.b.t.c.SpringBootTestContextBootstrapper -Loaded default TestExecutionListener class names from location [META-INF/spring.factories]: [org.springframework.boot.test.mock.mockito.MockitoTestExecutionListener, org.springframework.boot.test.mock.mockito.ResetMocksTestExecutionListener, org.springframework.boot.test.autoconfigure.restdocs.RestDocsTestExecutionListener, org.springframework.boot.test.autoconfigure.web.client.MockRestServiceServerResetTestExecutionListener, org.springframework.boot.test.autoconfigure.web.servlet.MockMvcPrintOnlyOnFailureTestExecutionListener, org.springframework.boot.test.autoconfigure.web.servlet.WebDriverTestExecutionListener, org.springframework.test.context.web.ServletTestExecutionListener, org.springframework.test.context.support.DirtiesContextBeforeModesTestExecutionListener, org.springframework.test.context.support.DependencyInjectionTestExecutionListener, org.springframework.test.context.support.DirtiesContextTestExecutionListener, org.springframework.test.context.transaction.TransactionalTestExecutionListener, org.springframework.test.context.jdbc.SqlScriptsTestExecutionListener]
2018-02-05 15:13:19.032 [main] INFO  o.s.b.t.c.SpringBootTestContextBootstrapper -Using TestExecutionListeners: [org.springframework.test.context.web.ServletTestExecutionListener@7880cdf3, org.springframework.test.context.support.DirtiesContextBeforeModesTestExecutionListener@5be6e01c, org.springframework.boot.test.autoconfigure.SpringBootDependencyInjectionTestExecutionListener@1c93084c, org.springframework.test.context.support.DirtiesContextTestExecutionListener@6ef888f6, org.springframework.test.context.transaction.TransactionalTestExecutionListener@10e92f8f, org.springframework.test.context.jdbc.SqlScriptsTestExecutionListener@7ce3cb8e, org.springframework.boot.test.mock.mockito.MockitoTestExecutionListener@78b66d36, org.springframework.boot.test.mock.mockito.ResetMocksTestExecutionListener@5223e5ee, org.springframework.boot.test.autoconfigure.restdocs.RestDocsTestExecutionListener@bef2d72, org.springframework.boot.test.autoconfigure.web.client.MockRestServiceServerResetTestExecutionListener@69b2283a, org.springframework.boot.test.autoconfigure.web.servlet.MockMvcPrintOnlyOnFailureTestExecutionListener@22a637e7, org.springframework.boot.test.autoconfigure.web.servlet.WebDriverTestExecutionListener@6fe7aac8]
2018-02-05 15:13:19.774 [main] INFO  c.h.m.s.SpringBootMybatisApplicationTests -Starting SpringBootMybatisApplicationTests on wanl1332 with PID 17416 (started by wanl1332 in E:\springcloud\spring-cloud-learn\spring-boot-mybatis)
2018-02-05 15:13:19.774 [main] DEBUG c.h.m.s.SpringBootMybatisApplicationTests -Running with Spring Boot v1.5.10.RELEASE, Spring v4.3.14.RELEASE
2018-02-05 15:13:19.774 [main] INFO  c.h.m.s.SpringBootMybatisApplicationTests -The following profiles are active: dev
2018-02-05 15:13:19.810 [main] INFO  o.s.w.c.s.GenericWebApplicationContext -Refreshing org.springframework.web.context.support.GenericWebApplicationContext@72e5a8e: startup date [Mon Feb 05 15:13:19 CST 2018]; root of context hierarchy
2018-02-05 15:13:20.420 [background-preinit] INFO  o.h.validator.internal.util.Version -HV000001: Hibernate Validator 5.3.6.Final
2018-02-05 15:13:23.110 [main] INFO  o.s.w.s.m.m.a.RequestMappingHandlerAdapter -Looking for @ControllerAdvice: org.springframework.web.context.support.GenericWebApplicationContext@72e5a8e: startup date [Mon Feb 05 15:13:19 CST 2018]; root of context hierarchy
2018-02-05 15:13:23.223 [main] INFO  o.s.w.s.m.m.a.RequestMappingHandlerMapping -Mapped "{[/delete]}" onto public java.lang.String com.hhly.mybatis.springbootmybatis.controller.CountryController.delete(java.lang.Integer)
2018-02-05 15:13:23.224 [main] INFO  o.s.w.s.m.m.a.RequestMappingHandlerMapping -Mapped "{[/save],methods=[POST]}" onto public org.springframework.web.servlet.ModelAndView com.hhly.mybatis.springbootmybatis.controller.CountryController.save(com.hhly.mybatis.springbootmybatis.model.Country)
2018-02-05 15:13:23.225 [main] INFO  o.s.w.s.m.m.a.RequestMappingHandlerMapping -Mapped "{[/view],methods=[GET]}" onto public org.springframework.web.servlet.ModelAndView com.hhly.mybatis.springbootmybatis.controller.CountryController.view(com.hhly.mybatis.springbootmybatis.model.Country)
2018-02-05 15:13:23.225 [main] INFO  o.s.w.s.m.m.a.RequestMappingHandlerMapping -Mapped "{[/list || /index || /index.html || ]}" onto public org.springframework.web.servlet.ModelAndView com.hhly.mybatis.springbootmybatis.controller.CountryController.getList(com.hhly.mybatis.springbootmybatis.model.Country,int,int)
2018-02-05 15:13:23.227 [main] INFO  o.s.w.s.m.m.a.RequestMappingHandlerMapping -Mapped "{[/error]}" onto public org.springframework.http.ResponseEntity<java.util.Map<java.lang.String, java.lang.Object>> org.springframework.boot.autoconfigure.web.BasicErrorController.error(javax.servlet.http.HttpServletRequest)
2018-02-05 15:13:23.228 [main] INFO  o.s.w.s.m.m.a.RequestMappingHandlerMapping -Mapped "{[/error],produces=[text/html]}" onto public org.springframework.web.servlet.ModelAndView org.springframework.boot.autoconfigure.web.BasicErrorController.errorHtml(javax.servlet.http.HttpServletRequest,javax.servlet.http.HttpServletResponse)
2018-02-05 15:13:23.270 [main] INFO  o.s.w.s.h.SimpleUrlHandlerMapping -Mapped URL path [/webjars/**] onto handler of type [class org.springframework.web.servlet.resource.ResourceHttpRequestHandler]
2018-02-05 15:13:23.272 [main] INFO  o.s.w.s.h.SimpleUrlHandlerMapping -Mapped URL path [/**] onto handler of type [class org.springframework.web.servlet.resource.ResourceHttpRequestHandler]
2018-02-05 15:13:23.332 [main] INFO  o.s.w.s.h.SimpleUrlHandlerMapping -Mapped URL path [/**/favicon.ico] onto handler of type [class org.springframework.web.servlet.resource.ResourceHttpRequestHandler]
2018-02-05 15:13:24.134 [main] INFO  c.h.m.s.SpringBootMybatisApplicationTests -Started SpringBootMybatisApplicationTests in 4.856 seconds (JVM running for 10.415)
2018-02-05 15:13:24.678 [main] INFO  c.alibaba.druid.pool.DruidDataSource -{dataSource-1} inited
2018-02-05 15:13:25.129 [main] DEBUG c.h.m.s.m.C.selectByExample_COUNT -==>  Preparing: SELECT count(0) FROM country WHERE (Id > ?) 
2018-02-05 15:13:25.151 [main] DEBUG c.h.m.s.m.C.selectByExample_COUNT -==> Parameters: 100(Integer)
2018-02-05 15:13:25.242 [main] DEBUG c.h.m.s.m.C.selectByExample_COUNT -<==      Total: 1
2018-02-05 15:13:25.246 [main] DEBUG c.h.m.s.m.C.selectByExample -==>  Preparing: SELECT Id,countryname,countrycode FROM country WHERE ( Id > ? ) LIMIT ?, ? 
2018-02-05 15:13:25.247 [main] DEBUG c.h.m.s.m.C.selectByExample -==> Parameters: 100(Integer), 10(Integer), 10(Integer)
2018-02-05 15:13:25.250 [main] DEBUG c.h.m.s.m.C.selectByExample -<==      Total: 10
2018-02-05 15:13:25.253 [main] DEBUG c.h.m.s.m.C.selectByExample -==>  Preparing: SELECT Id,countryname,countrycode FROM country WHERE ( Id > ? ) 
2018-02-05 15:13:25.253 [main] DEBUG c.h.m.s.m.C.selectByExample -==> Parameters: 100(Integer)
2018-02-05 15:13:25.261 [main] DEBUG c.h.m.s.m.C.selectByExample -<==      Total: 83
2018-02-05 15:13:25.279 [Thread-2] INFO  o.s.w.c.s.GenericWebApplicationContext -Closing org.springframework.web.context.support.GenericWebApplicationContext@72e5a8e: startup date [Mon Feb 05 15:13:19 CST 2018]; root of context hierarchy
2018-02-05 15:13:25.286 [Thread-2] INFO  c.alibaba.druid.pool.DruidDataSource -{dataSource-1} closed
